Starting Chef Client, version 13.6.4[0m
resolving cookbooks for run list: ["arch::default", "arch::i3", "arch::zsh"][0m
Synchronizing Cookbooks:[0m
  - arch (0.1.0)[0m
Installing Cookbook Gems:[0m
Compiling Cookbooks...[0m
Converging 10 resources[0m
Recipe: arch::default[0m
  * package[xterm] action install (up to date)
  * package[linux-headers] action install (up to date)
  * package[file] action install (up to date)
Recipe: arch::i3[0m
  * package[i3-gaps] action install (up to date)
Recipe: arch::zsh[0m
  * package[zsh] action install (up to date)
  * bash[Change default shell] action run
    [32m- execute "bash"  "/tmp/chef-script20180211-46284-sd720e"[0m
[0m  * git[/home/cody/.oh-my-zsh] action sync (up to date)
  * link[/home/cody/.zsh] action create (up to date)
  * link[/home/cody/.zshrc] action create (up to date)
  * link[/home/cody/.oh-my-zsh/custom/themes/avit-custom.zsh-theme] action create
    [0m
    ================================================================================[0m
    [31mError executing action `create` on resource 'link[/home/cody/.oh-my-zsh/custom/themes/avit-custom.zsh-theme]'[0m
    ================================================================================[0m
    
[0m    Errno::ENOENT[0m
    -------------[0m
    No such file or directory @ rb_file_s_symlink - (/home/cody/dotfiles/dots/.zsh/theme/avit-custom.zsh-theme, /home/cody/.oh-my-zsh/custom/themes/avit-custom.zsh-theme)[0m
    
[0m    Resource Declaration:[0m
    ---------------------[0m
    # In /home/cody/dotfilestmp/cookbooks/arch/recipes/zsh.rb
[0m    
[0m     25: link "#{node[:home]}/.oh-my-zsh/custom/themes/avit-custom.zsh-theme" do
[0m     26:   to "#{node[:dotfiles]}/dots/.zsh/theme/avit-custom.zsh-theme"
[0m     27: end
[0m    
[0m    Compiled Resource:[0m
    ------------------[0m
    # Declared in /home/cody/dotfilestmp/cookbooks/arch/recipes/zsh.rb:25:in `from_file'
[0m    
[0m    link("/home/cody/.oh-my-zsh/custom/themes/avit-custom.zsh-theme") do
[0m      action [:create]
[0m      default_guard_interpreter :default
[0m      to "/home/cody/dotfiles/dots/.zsh/theme/avit-custom.zsh-theme"
[0m      link_type :symbolic
[0m      target_file "/home/cody/.oh-my-zsh/custom/themes/avit-custom.zsh-theme"
[0m      declared_type :link
[0m      cookbook_name "arch"
[0m      recipe_name "zsh"
[0m      owner nil
[0m      group nil
[0m    end
[0m    
[0m    System Info:[0m
    ------------[0m
    chef_version=13.6.4
[0m    platform=arch
[0m    platform_version=4.15.2-2-ARCH
[0m    ruby=ruby 2.4.2p198 (2017-09-14 revision 59899) [x86_64-linux]
[0m    program_name=chef-solo worker: ppid=46279;start=22:00:24;
[0m    executable=/opt/chefdk/bin/chef-solo[0m
    
[0m[0m
Running handlers:[0m
[2018-02-11T22:00:28-08:00] ERROR: Running exception handlers
Running handlers complete
[0m[2018-02-11T22:00:28-08:00] ERROR: Exception handlers complete
Chef Client failed. 1 resources updated in 03 seconds[0m
[2018-02-11T22:00:28-08:00] FATAL: Stacktrace dumped to /home/cody/dotfilestmp/chef-stacktrace.out
[2018-02-11T22:00:28-08:00] FATAL: Please provide the contents of the stacktrace.out file if you file a bug report
[2018-02-11T22:00:28-08:00] ERROR: link[/home/cody/.oh-my-zsh/custom/themes/avit-custom.zsh-theme] (arch::zsh line 25) had an error: Errno::ENOENT: No such file or directory @ rb_file_s_symlink - (/home/cody/dotfiles/dots/.zsh/theme/avit-custom.zsh-theme, /home/cody/.oh-my-zsh/custom/themes/avit-custom.zsh-theme)
[2018-02-11T22:00:28-08:00] FATAL: Chef::Exceptions::ChildConvergeError: Chef run process exited unsuccessfully (exit code 1)
